
as12, an absolute assembler for Motorola MCU's, version 1.2h

                        ;18W_Trace1.asm
                        
1000                             org  $1000
1000 55 19 35 08        Data1    db   $55,$19,$35,$08
1004 00 ff 10 01 e7 9e  Data2    db   $00,$FF,$10,$01,$E7,$9E,$8F,$31
     8f 31
                        
2000                             org  $2000
2000 cf 20 00                    lds  #$2000
2003 cd 10 00                    ldy  #Data1
                                 
2006 e6 44                       ldab  4,y
2008 a6 70                       ldaa  1,y+
200a e6 40                       ldab  0,y
200c ce 10 04                    ldx   #Data2
200f ec 35                       ldd   6,x+
2011 6c 31                       std   2,x+
2013 3f                          swi
                                 end

Executed: Sun Mar 25 15:46:40 2018
Total cycles: 30, Total bytes: 32
Total errors: 0, Total warnings: 0
