
as12, an absolute assembler for Motorola MCU's, version 1.2h

                        ;Those_Were_The_Memories.asm
                        
0080                    Value1  equ 128
                        
1000                            org  $1000
1000 3f                 Value2  db   $3F
1001 0d 80              Value3  dw   3456
                                
                                
1030                            org  $1030
1030                    Result1 ds   1
1031                    Result2 ds   2
1033                    Result3 ds   1
1034 00 01              Result4 dw   1
                        
2000                            org  $2000
2000 86 80                      ldaa #Value1
2002 7a 10 30                   staa Result1
2005 f6 10 00                   ldab Value2
2008 7b 10 33                   stab Result3
200b cc 10 01                   ldd  #Value3
200e 7b 10 31                   stab Result2
2011 7a 10 33                   staa Result3
2014 f6 10 02                   ldab Value3+1
2017 b6 10 01                   ldaa Value3
201a 7c 10 34                   std  Result4
201d 3f                         swi
                                end

Executed: Wed Mar 21 13:39:24 2018
Total cycles: 50, Total bytes: 35
Total errors: 0, Total warnings: 0
